2019-02-19T04:22:59+00:00 CRITICAL Cannot declare class dbconn, because the name is already in use(/uloca22/www/classphp/dbConn.php, 줄 7)

2019-02-19T04:23:47+00:00 CRITICAL Cannot declare class dbconn, because the name is already in use(/uloca22/www/classphp/dbConn.php, 줄 7)

2019-02-19T04:25:07+00:00 CRITICAL Cannot declare class dbconn, because the name is already in use(/uloca22/www/classphp/dbConn.php, 줄 7)

2019-02-19T04:25:47+00:00 CRITICAL Cannot declare class dbconn, because the name is already in use(/uloca22/www/classphp/dbConn.php, 줄 7)

2019-02-19T04:26:00+00:00 CRITICAL Cannot declare class dbconn, because the name is already in use(/uloca22/www/classphp/dbConn.php, 줄 7)

2019-02-19T13:27:14+09:00 CRITICAL Cannot declare class g2bClass, because the name is already in use(/uloca22/www/classphp/g2bClass.php, 줄 7)

2019-02-19T04:28:02+00:00 CRITICAL Uncaught Error: [] operator not supported for strings in /uloca22/www/ulocawp/wp-content/plugins/woocommerce/includes/admin/class-wc-admin-menus.php:56
Stack trace:
#0 /uloca22/www/ulocawp/wp-includes/class-wp-hook.php(286): WC_Admin_Menus->admin_menu('')
#1 /uloca22/www/ulocawp/wp-includes/class-wp-hook.php(310): WP_Hook->apply_filters(NULL, Array)
#2 /uloca22/www/ulocawp/wp-includes/plugin.php(453): WP_Hook->do_action(Array)
#3 /uloca22/www/ulocawp/wp-admin/includes/menu.php(150): do_action('admin_menu', '')
#4 /uloca22/www/ulocawp/wp-admin/menu.php(294): require_once('/uloca22/www/ul...')
#5 /uloca22/www/ulocawp/wp-admin/admin.php(140): require('/uloca22/www/ul...')
#6 /uloca22/www/ulocawp/wp-admin/nav-menus.php(13): require_once('/uloca22/www/ul...')
#7 {main}
  thrown(/uloca22/www/ulocawp/wp-content/plugins/woocommerce/includes/admin/class-wc-admin-menus.php, 줄 56)

2019-02-19T04:31:17+00:00 CRITICAL Uncaught Error: [] operator not supported for strings in /uloca22/www/ulocawp/wp-content/plugins/woocommerce/includes/admin/class-wc-admin-menus.php:56
Stack trace:
#0 /uloca22/www/ulocawp/wp-includes/class-wp-hook.php(286): WC_Admin_Menus->admin_menu('')
#1 /uloca22/www/ulocawp/wp-includes/class-wp-hook.php(310): WP_Hook->apply_filters(NULL, Array)
#2 /uloca22/www/ulocawp/wp-includes/plugin.php(453): WP_Hook->do_action(Array)
#3 /uloca22/www/ulocawp/wp-admin/includes/menu.php(150): do_action('admin_menu', '')
#4 /uloca22/www/ulocawp/wp-admin/menu.php(294): require_once('/uloca22/www/ul...')
#5 /uloca22/www/ulocawp/wp-admin/admin.php(140): require('/uloca22/www/ul...')
#6 /uloca22/www/ulocawp/wp-admin/nav-menus.php(13): require_once('/uloca22/www/ul...')
#7 {main}
  thrown(/uloca22/www/ulocawp/wp-content/plugins/woocommerce/includes/admin/class-wc-admin-menus.php, 줄 56)

2019-02-19T04:33:17+00:00 CRITICAL Uncaught Error: [] operator not supported for strings in /uloca22/www/ulocawp/wp-content/plugins/woocommerce/includes/admin/class-wc-admin-menus.php:56
Stack trace:
#0 /uloca22/www/ulocawp/wp-includes/class-wp-hook.php(286): WC_Admin_Menus->admin_menu('')
#1 /uloca22/www/ulocawp/wp-includes/class-wp-hook.php(310): WP_Hook->apply_filters(NULL, Array)
#2 /uloca22/www/ulocawp/wp-includes/plugin.php(453): WP_Hook->do_action(Array)
#3 /uloca22/www/ulocawp/wp-admin/includes/menu.php(150): do_action('admin_menu', '')
#4 /uloca22/www/ulocawp/wp-admin/menu.php(294): require_once('/uloca22/www/ul...')
#5 /uloca22/www/ulocawp/wp-admin/admin.php(140): require('/uloca22/www/ul...')
#6 /uloca22/www/ulocawp/wp-admin/nav-menus.php(13): require_once('/uloca22/www/ul...')
#7 {main}
  thrown(/uloca22/www/ulocawp/wp-content/plugins/woocommerce/includes/admin/class-wc-admin-menus.php, 줄 56)

2019-02-19T20:24:49+09:00 CRITICAL Cannot declare class g2bClass, because the name is already in use(/uloca22/www/classphp/g2bClass.php, 줄 7)

2019-02-19T20:44:59+09:00 CRITICAL Cannot declare class g2bClass, because the name is already in use(/uloca22/www/classphp/g2bClass.php, 줄 7)

2019-02-19T20:48:16+09:00 CRITICAL Cannot declare class dbconn, because the name is already in use(/uloca22/www/classphp/dbConn.php, 줄 7)

2019-02-19T20:50:26+09:00 CRITICAL Cannot declare class dbconn, because the name is already in use(/uloca22/www/classphp/dbConn.php, 줄 7)

2019-02-19T13:49:45+00:00 CRITICAL Uncaught Error: [] operator not supported for strings in /uloca22/www/ulocawp/wp-content/plugins/woocommerce/includes/admin/class-wc-admin-menus.php:56
Stack trace:
#0 /uloca22/www/ulocawp/wp-includes/class-wp-hook.php(286): WC_Admin_Menus->admin_menu('')
#1 /uloca22/www/ulocawp/wp-includes/class-wp-hook.php(310): WP_Hook->apply_filters(NULL, Array)
#2 /uloca22/www/ulocawp/wp-includes/plugin.php(453): WP_Hook->do_action(Array)
#3 /uloca22/www/ulocawp/wp-admin/includes/menu.php(150): do_action('admin_menu', '')
#4 /uloca22/www/ulocawp/wp-admin/menu.php(294): require_once('/uloca22/www/ul...')
#5 /uloca22/www/ulocawp/wp-admin/admin.php(140): require('/uloca22/www/ul...')
#6 /uloca22/www/ulocawp/wp-admin/nav-menus.php(13): require_once('/uloca22/www/ul...')
#7 {main}
  thrown(/uloca22/www/ulocawp/wp-content/plugins/woocommerce/includes/admin/class-wc-admin-menus.php, 줄 56)

2019-02-19T13:50:55+00:00 CRITICAL Uncaught Error: [] operator not supported for strings in /uloca22/www/ulocawp/wp-content/plugins/woocommerce/includes/admin/class-wc-admin-menus.php:56
Stack trace:
#0 /uloca22/www/ulocawp/wp-includes/class-wp-hook.php(286): WC_Admin_Menus->admin_menu('')
#1 /uloca22/www/ulocawp/wp-includes/class-wp-hook.php(310): WP_Hook->apply_filters(NULL, Array)
#2 /uloca22/www/ulocawp/wp-includes/plugin.php(453): WP_Hook->do_action(Array)
#3 /uloca22/www/ulocawp/wp-admin/includes/menu.php(150): do_action('admin_menu', '')
#4 /uloca22/www/ulocawp/wp-admin/menu.php(294): require_once('/uloca22/www/ul...')
#5 /uloca22/www/ulocawp/wp-admin/admin.php(140): require('/uloca22/www/ul...')
#6 /uloca22/www/ulocawp/wp-admin/nav-menus.php(13): require_once('/uloca22/www/ul...')
#7 {main}
  thrown(/uloca22/www/ulocawp/wp-content/plugins/woocommerce/includes/admin/class-wc-admin-menus.php, 줄 56)

2019-02-19T22:53:57+09:00 CRITICAL Cannot declare class dbconn, because the name is already in use(/uloca22/www/classphp/dbConn.php, 줄 7)

2019-02-19T13:55:04+00:00 CRITICAL syntax error, unexpected '}', expecting end of file(/uloca22/www/ulocawp/wp-content/themes/one-edge/functions.php, 줄 40)

2019-02-19T22:55:35+09:00 CRITICAL Cannot declare class dbconn, because the name is already in use(/uloca22/www/classphp/dbConn.php, 줄 7)

2019-02-19T22:55:46+09:00 CRITICAL Cannot declare class g2bClass, because the name is already in use(/uloca22/www/classphp/g2bClass.php, 줄 7)

2019-02-19T22:57:19+09:00 CRITICAL Cannot declare class dbconn, because the name is already in use(/uloca22/www/classphp/dbConn.php, 줄 7)

2019-02-19T22:59:19+09:00 CRITICAL Cannot declare class g2bClass, because the name is already in use(/uloca22/www/classphp/g2bClass.php, 줄 7)

