[INFO]-[2020/03/12 03:37:07] Cloning: uloca23-cafe24-com's clone job's data is not in database, generating data
[INFO]-[2020/03/12 03:37:07] Cloning: uloca23-cafe24-com's clone job's data is not in database, generating data
[INFO]-[2020/03/12 03:37:08] DB Copy: Creating table wpstg0_commentmeta
[INFO]-[2020/03/12 03:37:08] DB Copy: wp_commentmeta as wpstg0_commentmeta from 0 to 10000 records
[INFO]-[2020/03/12 03:37:08] DB Copy: Creating table wpstg0_commentmeta
[INFO]-[2020/03/12 03:37:08] DB Copy: wp_commentmeta as wpstg0_commentmeta from 0 to 10000 records
[INFO]-[2020/03/12 03:37:08] DB Copy: Creating table wpstg0_comments
[INFO]-[2020/03/12 03:37:08] DB Copy: wp_comments as wpstg0_comments from 0 to 10000 records
[INFO]-[2020/03/12 03:37:08] DB Copy: Creating table wpstg0_comments
[INFO]-[2020/03/12 03:37:08] DB Copy: wp_comments as wpstg0_comments from 0 to 10000 records
[INFO]-[2020/03/12 03:37:08] DB Copy: Creating table wpstg0_cosmosfarm_comments_token
[INFO]-[2020/03/12 03:37:08] DB Copy: wp_cosmosfarm_comments_token as wpstg0_cosmosfarm_comments_token from 0 to 10000 records
[INFO]-[2020/03/12 03:37:08] DB Copy: Creating table wpstg0_cosmosfarm_comments_token
[INFO]-[2020/03/12 03:37:08] DB Copy: wp_cosmosfarm_comments_token as wpstg0_cosmosfarm_comments_token from 0 to 10000 records
[INFO]-[2020/03/12 03:37:08] DB Copy: Creating table wpstg0_cosmosfarm_members_activity_history
[INFO]-[2020/03/12 03:37:08] DB Copy: wp_cosmosfarm_members_activity_history as wpstg0_cosmosfarm_members_activity_history from 0 to 10000 records
[INFO]-[2020/03/12 03:37:08] DB Copy: Creating table wpstg0_cosmosfarm_members_activity_history
[INFO]-[2020/03/12 03:37:08] DB Copy: wp_cosmosfarm_members_activity_history as wpstg0_cosmosfarm_members_activity_history from 0 to 10000 records
[INFO]-[2020/03/12 03:37:08] DB Copy: Creating table wpstg0_cosmosfarm_members_login_history
[INFO]-[2020/03/12 03:37:08] DB Copy: wp_cosmosfarm_members_login_history as wpstg0_cosmosfarm_members_login_history from 0 to 10000 records
[INFO]-[2020/03/12 03:37:08] DB Copy: Creating table wpstg0_cosmosfarm_members_login_history
[INFO]-[2020/03/12 03:37:08] DB Copy: wp_cosmosfarm_members_login_history as wpstg0_cosmosfarm_members_login_history from 0 to 10000 records
[INFO]-[2020/03/12 03:37:09] DB Copy: Creating table wpstg0_kboard_board_attached
[INFO]-[2020/03/12 03:37:09] DB Copy: wp_kboard_board_attached as wpstg0_kboard_board_attached from 0 to 10000 records
[INFO]-[2020/03/12 03:37:09] DB Copy: Creating table wpstg0_kboard_board_attached
[INFO]-[2020/03/12 03:37:09] DB Copy: wp_kboard_board_attached as wpstg0_kboard_board_attached from 0 to 10000 records
[INFO]-[2020/03/12 03:37:09] DB Copy: Creating table wpstg0_kboard_board_content
[INFO]-[2020/03/12 03:37:09] DB Copy: wp_kboard_board_content as wpstg0_kboard_board_content from 0 to 10000 records
[INFO]-[2020/03/12 03:37:09] DB Copy: Creating table wpstg0_kboard_board_content
[INFO]-[2020/03/12 03:37:09] DB Copy: wp_kboard_board_content as wpstg0_kboard_board_content from 0 to 10000 records
[INFO]-[2020/03/12 03:37:09] DB Copy: Creating table wpstg0_kboard_board_latestview
[INFO]-[2020/03/12 03:37:09] DB Copy: Creating table wpstg0_kboard_board_latestview
[INFO]-[2020/03/12 03:37:09] DB Copy: Creating table wpstg0_kboard_board_latestview_link
[INFO]-[2020/03/12 03:37:09] DB Copy: Creating table wpstg0_kboard_board_latestview_link
[INFO]-[2020/03/12 03:37:10] DB Copy: Creating table wpstg0_kboard_board_meta
[INFO]-[2020/03/12 03:37:10] DB Copy: wp_kboard_board_meta as wpstg0_kboard_board_meta from 0 to 10000 records
[INFO]-[2020/03/12 03:37:10] DB Copy: Creating table wpstg0_kboard_board_meta
[INFO]-[2020/03/12 03:37:10] DB Copy: wp_kboard_board_meta as wpstg0_kboard_board_meta from 0 to 10000 records
[INFO]-[2020/03/12 03:37:10] DB Copy: Creating table wpstg0_kboard_board_option
[INFO]-[2020/03/12 03:37:10] DB Copy: wp_kboard_board_option as wpstg0_kboard_board_option from 0 to 10000 records
[INFO]-[2020/03/12 03:37:10] DB Copy: Creating table wpstg0_kboard_board_option
[INFO]-[2020/03/12 03:37:10] DB Copy: wp_kboard_board_option as wpstg0_kboard_board_option from 0 to 10000 records
[INFO]-[2020/03/12 03:37:10] DB Copy: Creating table wpstg0_kboard_board_setting
[INFO]-[2020/03/12 03:37:10] DB Copy: wp_kboard_board_setting as wpstg0_kboard_board_setting from 0 to 10000 records
[INFO]-[2020/03/12 03:37:10] DB Copy: Creating table wpstg0_kboard_board_setting
[INFO]-[2020/03/12 03:37:10] DB Copy: wp_kboard_board_setting as wpstg0_kboard_board_setting from 0 to 10000 records
[INFO]-[2020/03/12 03:37:10] DB Copy: Creating table wpstg0_kboard_comments
[INFO]-[2020/03/12 03:37:10] DB Copy: wp_kboard_comments as wpstg0_kboard_comments from 0 to 10000 records
[INFO]-[2020/03/12 03:37:10] DB Copy: Creating table wpstg0_kboard_comments
[INFO]-[2020/03/12 03:37:10] DB Copy: wp_kboard_comments as wpstg0_kboard_comments from 0 to 10000 records
[INFO]-[2020/03/12 03:37:11] DB Copy: Creating table wpstg0_kboard_comments_option
[INFO]-[2020/03/12 03:37:11] DB Copy: wp_kboard_comments_option as wpstg0_kboard_comments_option from 0 to 10000 records
[INFO]-[2020/03/12 03:37:11] DB Copy: Creating table wpstg0_kboard_comments_option
[INFO]-[2020/03/12 03:37:11] DB Copy: wp_kboard_comments_option as wpstg0_kboard_comments_option from 0 to 10000 records
[INFO]-[2020/03/12 03:37:11] DB Copy: Creating table wpstg0_kboard_meida
[INFO]-[2020/03/12 03:37:11] DB Copy: wp_kboard_meida as wpstg0_kboard_meida from 0 to 10000 records
[INFO]-[2020/03/12 03:37:11] DB Copy: Creating table wpstg0_kboard_meida
[INFO]-[2020/03/12 03:37:11] DB Copy: wp_kboard_meida as wpstg0_kboard_meida from 0 to 10000 records
[INFO]-[2020/03/12 03:37:11] DB Copy: Creating table wpstg0_kboard_meida_relationships
[INFO]-[2020/03/12 03:37:11] DB Copy: wp_kboard_meida_relationships as wpstg0_kboard_meida_relationships from 0 to 10000 records
[INFO]-[2020/03/12 03:37:11] DB Copy: Creating table wpstg0_kboard_meida_relationships
[INFO]-[2020/03/12 03:37:11] DB Copy: wp_kboard_meida_relationships as wpstg0_kboard_meida_relationships from 0 to 10000 records
[INFO]-[2020/03/12 03:37:11] DB Copy: Creating table wpstg0_kboard_order_item
[INFO]-[2020/03/12 03:37:11] DB Copy: Creating table wpstg0_kboard_order_item
[INFO]-[2020/03/12 03:37:11] DB Copy: Creating table wpstg0_kboard_order_item_meta
[INFO]-[2020/03/12 03:37:11] DB Copy: Creating table wpstg0_kboard_order_item_meta
[INFO]-[2020/03/12 03:37:12] DB Copy: Creating table wpstg0_kboard_vote
[INFO]-[2020/03/12 03:37:12] DB Copy: wp_kboard_vote as wpstg0_kboard_vote from 0 to 10000 records
[INFO]-[2020/03/12 03:37:12] DB Copy: Creating table wpstg0_kboard_vote
[INFO]-[2020/03/12 03:37:12] DB Copy: wp_kboard_vote as wpstg0_kboard_vote from 0 to 10000 records
[INFO]-[2020/03/12 03:37:12] DB Copy: Creating table wpstg0_links
[INFO]-[2020/03/12 03:37:12] DB Copy: Creating table wpstg0_links
[INFO]-[2020/03/12 03:37:12] DB Copy: Creating table wpstg0_options
[INFO]-[2020/03/12 03:37:12] DB Copy: wp_options as wpstg0_options from 0 to 10000 records
[INFO]-[2020/03/12 03:37:12] DB Copy: Creating table wpstg0_options
[INFO]-[2020/03/12 03:37:12] DB Copy: wp_options as wpstg0_options from 0 to 10000 records
[INFO]-[2020/03/12 03:37:12] DB Copy: Creating table wpstg0_postmeta
[INFO]-[2020/03/12 03:37:12] DB Copy: wp_postmeta as wpstg0_postmeta from 0 to 10000 records
[INFO]-[2020/03/12 03:37:12] DB Copy: Creating table wpstg0_postmeta
[INFO]-[2020/03/12 03:37:12] DB Copy: wp_postmeta as wpstg0_postmeta from 0 to 10000 records
[INFO]-[2020/03/12 03:37:13] DB Copy: Creating table wpstg0_posts
[INFO]-[2020/03/12 03:37:13] DB Copy: wp_posts as wpstg0_posts from 0 to 10000 records
[INFO]-[2020/03/12 03:37:13] DB Copy: Creating table wpstg0_posts
[INFO]-[2020/03/12 03:37:13] DB Copy: wp_posts as wpstg0_posts from 0 to 10000 records
[INFO]-[2020/03/12 03:37:13] DB Copy: Creating table wpstg0_term_relationships
[INFO]-[2020/03/12 03:37:13] DB Copy: wp_term_relationships as wpstg0_term_relationships from 0 to 10000 records
[INFO]-[2020/03/12 03:37:13] DB Copy: Creating table wpstg0_term_relationships
[INFO]-[2020/03/12 03:37:13] DB Copy: wp_term_relationships as wpstg0_term_relationships from 0 to 10000 records
[INFO]-[2020/03/12 03:37:14] DB Copy: Creating table wpstg0_term_taxonomy
[INFO]-[2020/03/12 03:37:14] DB Copy: wp_term_taxonomy as wpstg0_term_taxonomy from 0 to 10000 records
[INFO]-[2020/03/12 03:37:14] DB Copy: Creating table wpstg0_term_taxonomy
[INFO]-[2020/03/12 03:37:14] DB Copy: wp_term_taxonomy as wpstg0_term_taxonomy from 0 to 10000 records
[INFO]-[2020/03/12 03:37:14] DB Copy: Creating table wpstg0_termmeta
[INFO]-[2020/03/12 03:37:14] DB Copy: wp_termmeta as wpstg0_termmeta from 0 to 10000 records
[INFO]-[2020/03/12 03:37:14] DB Copy: Creating table wpstg0_termmeta
[INFO]-[2020/03/12 03:37:14] DB Copy: wp_termmeta as wpstg0_termmeta from 0 to 10000 records
[INFO]-[2020/03/12 03:37:14] DB Copy: Creating table wpstg0_terms
[INFO]-[2020/03/12 03:37:14] DB Copy: wp_terms as wpstg0_terms from 0 to 10000 records
[INFO]-[2020/03/12 03:37:14] DB Copy: Creating table wpstg0_terms
[INFO]-[2020/03/12 03:37:14] DB Copy: wp_terms as wpstg0_terms from 0 to 10000 records
[INFO]-[2020/03/12 03:37:14] DB Copy: Creating table wpstg0_ualp_user_activity
[INFO]-[2020/03/12 03:37:14] DB Copy: wp_ualp_user_activity as wpstg0_ualp_user_activity from 0 to 10000 records
[INFO]-[2020/03/12 03:37:14] DB Copy: Creating table wpstg0_ualp_user_activity
[INFO]-[2020/03/12 03:37:14] DB Copy: wp_ualp_user_activity as wpstg0_ualp_user_activity from 0 to 10000 records
[INFO]-[2020/03/12 03:37:15] DB Copy: Creating table wpstg0_usermeta
[INFO]-[2020/03/12 03:37:15] DB Copy: wp_usermeta as wpstg0_usermeta from 0 to 10000 records
[INFO]-[2020/03/12 03:37:15] DB Copy: Creating table wpstg0_usermeta
[INFO]-[2020/03/12 03:37:15] DB Copy: wp_usermeta as wpstg0_usermeta from 0 to 10000 records
[INFO]-[2020/03/12 03:37:15] DB Copy: Creating table wpstg0_users
[INFO]-[2020/03/12 03:37:15] DB Copy: wp_users as wpstg0_users from 0 to 10000 records
[INFO]-[2020/03/12 03:37:15] DB Copy: Creating table wpstg0_users
[INFO]-[2020/03/12 03:37:15] DB Copy: wp_users as wpstg0_users from 0 to 10000 records
[INFO]-[2020/03/12 03:37:15] DB Copy: Creating table wpstg0_wc_download_log
[INFO]-[2020/03/12 03:37:15] DB Copy: Creating table wpstg0_wc_download_log
[INFO]-[2020/03/12 03:37:15] DB Copy: Creating table wpstg0_wc_webhooks
[INFO]-[2020/03/12 03:37:15] DB Copy: Creating table wpstg0_wc_webhooks
[INFO]-[2020/03/12 03:37:16] DB Copy: Creating table wpstg0_woocommerce_api_keys
[INFO]-[2020/03/12 03:37:16] DB Copy: Creating table wpstg0_woocommerce_api_keys
[INFO]-[2020/03/12 03:37:16] DB Copy: Creating table wpstg0_woocommerce_attribute_taxonomies
[INFO]-[2020/03/12 03:37:16] DB Copy: Creating table wpstg0_woocommerce_attribute_taxonomies
[INFO]-[2020/03/12 03:37:16] DB Copy: Creating table wpstg0_woocommerce_downloadable_product_permissions
[INFO]-[2020/03/12 03:37:16] DB Copy: Creating table wpstg0_woocommerce_downloadable_product_permissions
[INFO]-[2020/03/12 03:37:16] DB Copy: Creating table wpstg0_woocommerce_log
[INFO]-[2020/03/12 03:37:16] DB Copy: Creating table wpstg0_woocommerce_log
[INFO]-[2020/03/12 03:37:16] DB Copy: Creating table wpstg0_woocommerce_order_itemmeta
[INFO]-[2020/03/12 03:37:16] DB Copy: Creating table wpstg0_woocommerce_order_itemmeta
[INFO]-[2020/03/12 03:37:17] DB Copy: Creating table wpstg0_woocommerce_order_items
[INFO]-[2020/03/12 03:37:17] DB Copy: Creating table wpstg0_woocommerce_order_items
[INFO]-[2020/03/12 03:37:17] DB Copy: Creating table wpstg0_woocommerce_payment_tokenmeta
[INFO]-[2020/03/12 03:37:17] DB Copy: Creating table wpstg0_woocommerce_payment_tokenmeta
[INFO]-[2020/03/12 03:37:17] DB Copy: Creating table wpstg0_woocommerce_payment_tokens
[INFO]-[2020/03/12 03:37:17] DB Copy: Creating table wpstg0_woocommerce_payment_tokens
[INFO]-[2020/03/12 03:37:17] DB Copy: Creating table wpstg0_woocommerce_sessions
[INFO]-[2020/03/12 03:37:17] DB Copy: wp_woocommerce_sessions as wpstg0_woocommerce_sessions from 0 to 10000 records
[INFO]-[2020/03/12 03:37:17] DB Copy: Creating table wpstg0_woocommerce_sessions
[INFO]-[2020/03/12 03:37:17] DB Copy: wp_woocommerce_sessions as wpstg0_woocommerce_sessions from 0 to 10000 records
[INFO]-[2020/03/12 03:37:18] DB Copy: Creating table wpstg0_woocommerce_shipping_zone_locations
[INFO]-[2020/03/12 03:37:18] DB Copy: Creating table wpstg0_woocommerce_shipping_zone_locations
[INFO]-[2020/03/12 03:37:18] DB Copy: Creating table wpstg0_woocommerce_shipping_zone_methods
[INFO]-[2020/03/12 03:37:18] DB Copy: Creating table wpstg0_woocommerce_shipping_zone_methods
[INFO]-[2020/03/12 03:37:18] DB Copy: Creating table wpstg0_woocommerce_shipping_zones
[INFO]-[2020/03/12 03:37:18] DB Copy: Creating table wpstg0_woocommerce_shipping_zones
[INFO]-[2020/03/12 03:37:18] DB Copy: Creating table wpstg0_woocommerce_tax_rate_locations
[INFO]-[2020/03/12 03:37:18] DB Copy: Creating table wpstg0_woocommerce_tax_rate_locations
[INFO]-[2020/03/12 03:37:19] DB Copy: Creating table wpstg0_woocommerce_tax_rates
[INFO]-[2020/03/12 03:37:19] DB Copy: Creating table wpstg0_woocommerce_tax_rates
[INFO]-[2020/03/12 03:37:19] DB Copy: Creating table wpstg0_wpdatacharts
[INFO]-[2020/03/12 03:37:19] DB Copy: Creating table wpstg0_wpdatacharts
[INFO]-[2020/03/12 03:37:19] DB Copy: Creating table wpstg0_wpdatatables
[INFO]-[2020/03/12 03:37:19] DB Copy: wp_wpdatatables as wpstg0_wpdatatables from 0 to 10000 records
[INFO]-[2020/03/12 03:37:19] DB Copy: Creating table wpstg0_wpdatatables
[INFO]-[2020/03/12 03:37:19] DB Copy: wp_wpdatatables as wpstg0_wpdatatables from 0 to 10000 records
[INFO]-[2020/03/12 03:37:19] DB Copy: Creating table wpstg0_wpdatatables_columns
[INFO]-[2020/03/12 03:37:19] DB Copy: wp_wpdatatables_columns as wpstg0_wpdatatables_columns from 0 to 10000 records
[INFO]-[2020/03/12 03:37:19] DB Copy: Creating table wpstg0_wpdatatables_columns
[INFO]-[2020/03/12 03:37:19] DB Copy: wp_wpdatatables_columns as wpstg0_wpdatatables_columns from 0 to 10000 records
[INFO]-[2020/03/12 03:37:19] DB Copy: Creating table wpstg0_wpgmza
[INFO]-[2020/03/12 03:37:19] DB Copy: wp_wpgmza as wpstg0_wpgmza from 0 to 10000 records
[INFO]-[2020/03/12 03:37:19] DB Copy: Creating table wpstg0_wpgmza
[INFO]-[2020/03/12 03:37:19] DB Copy: wp_wpgmza as wpstg0_wpgmza from 0 to 10000 records
[INFO]-[2020/03/12 03:37:20] DB Copy: Creating table wpstg0_wpgmza_categories
[INFO]-[2020/03/12 03:37:20] DB Copy: Creating table wpstg0_wpgmza_categories
[INFO]-[2020/03/12 03:37:20] DB Copy: Creating table wpstg0_wpgmza_category_maps
[INFO]-[2020/03/12 03:37:20] DB Copy: Creating table wpstg0_wpgmza_category_maps
[INFO]-[2020/03/12 03:37:20] DB Copy: Creating table wpstg0_wpgmza_circles
[INFO]-[2020/03/12 03:37:20] DB Copy: Creating table wpstg0_wpgmza_circles
[INFO]-[2020/03/12 03:37:20] DB Copy: Creating table wpstg0_wpgmza_maps
[INFO]-[2020/03/12 03:37:20] DB Copy: wp_wpgmza_maps as wpstg0_wpgmza_maps from 0 to 10000 records
[INFO]-[2020/03/12 03:37:20] DB Copy: Creating table wpstg0_wpgmza_maps
[INFO]-[2020/03/12 03:37:20] DB Copy: wp_wpgmza_maps as wpstg0_wpgmza_maps from 0 to 10000 records
[INFO]-[2020/03/12 03:37:21] DB Copy: Creating table wpstg0_wpgmza_polygon
[INFO]-[2020/03/12 03:37:21] DB Copy: Creating table wpstg0_wpgmza_polygon
[INFO]-[2020/03/12 03:37:21] DB Copy: Creating table wpstg0_wpgmza_polylines
[INFO]-[2020/03/12 03:37:21] DB Copy: Creating table wpstg0_wpgmza_polylines
[INFO]-[2020/03/12 03:37:21] DB Copy: Creating table wpstg0_wpgmza_rectangles
[INFO]-[2020/03/12 03:37:21] DB Copy: Creating table wpstg0_wpgmza_rectangles
[INFO]-[2020/03/12 03:37:21] DB Copy: Creating table wpstg0_wpmembers_user_search_keys
[INFO]-[2020/03/12 03:37:21] DB Copy: wp_wpmembers_user_search_keys as wpstg0_wpmembers_user_search_keys from 0 to 10000 records
[INFO]-[2020/03/12 03:37:21] DB Copy: Creating table wpstg0_wpmembers_user_search_keys
[INFO]-[2020/03/12 03:37:21] DB Copy: wp_wpmembers_user_search_keys as wpstg0_wpmembers_user_search_keys from 0 to 10000 records
[INFO]-[2020/03/12 03:37:21] DB Copy: Creating table wpstg0_yoast_seo_links
[INFO]-[2020/03/12 03:37:21] DB Copy: wp_yoast_seo_links as wpstg0_yoast_seo_links from 0 to 10000 records
[INFO]-[2020/03/12 03:37:21] DB Copy: Creating table wpstg0_yoast_seo_links
[INFO]-[2020/03/12 03:37:21] DB Copy: wp_yoast_seo_links as wpstg0_yoast_seo_links from 0 to 10000 records
[INFO]-[2020/03/12 03:37:22] DB Copy: Creating table wpstg0_yoast_seo_meta
[INFO]-[2020/03/12 03:37:22] DB Copy: wp_yoast_seo_meta as wpstg0_yoast_seo_meta from 0 to 10000 records
[INFO]-[2020/03/12 03:37:22] DB Copy: Creating table wpstg0_yoast_seo_meta
[INFO]-[2020/03/12 03:37:22] DB Copy: wp_yoast_seo_meta as wpstg0_yoast_seo_meta from 0 to 10000 records
[]-[] 
[]-[] 
[INFO]-[2020/03/12 03:37:22] DB Search & Replace:  Table wpstg0_commentmeta 0 to 5000 records
[INFO]-[2020/03/12 03:37:22] DB Search & Replace:  Table wpstg0_commentmeta 0 to 5000 records
[INFO]-[2020/03/12 03:37:22] DB Search & Replace:  Table wpstg0_comments 0 to 5000 records
[INFO]-[2020/03/12 03:37:22] DB Search & Replace:  Table wpstg0_comments 0 to 5000 records
[INFO]-[2020/03/12 03:37:22] DB Search & Replace:  Table wpstg0_cosmosfarm_comments_token 0 to 5000 records
[INFO]-[2020/03/12 03:37:22] DB Search & Replace:  Table wpstg0_cosmosfarm_comments_token 0 to 5000 records
[INFO]-[2020/03/12 03:37:23] DB Search & Replace:  Table wpstg0_cosmosfarm_members_activity_history 0 to 5000 records
[INFO]-[2020/03/12 03:37:23] DB Search & Replace:  Table wpstg0_cosmosfarm_members_activity_history 0 to 5000 records
[INFO]-[2020/03/12 03:37:23] DB Search & Replace:  Table wpstg0_cosmosfarm_members_login_history 0 to 5000 records
[INFO]-[2020/03/12 03:37:23] DB Search & Replace:  Table wpstg0_cosmosfarm_members_login_history 0 to 5000 records
[INFO]-[2020/03/12 03:37:23] DB Search & Replace:  Table wpstg0_kboard_board_attached 0 to 5000 records
[INFO]-[2020/03/12 03:37:23] DB Search & Replace:  Table wpstg0_kboard_board_attached 0 to 5000 records
[INFO]-[2020/03/12 03:37:23] DB Search & Replace:  Table wpstg0_kboard_board_content 0 to 5000 records
[INFO]-[2020/03/12 03:37:23] DB Search & Replace:  Table wpstg0_kboard_board_content 0 to 5000 records
[]-[] 
[]-[] 
[]-[] 
[]-[] 
[INFO]-[2020/03/12 03:37:24] DB Search & Replace:  Table wpstg0_kboard_board_meta 0 to 5000 records
[INFO]-[2020/03/12 03:37:24] DB Search & Replace:  Table wpstg0_kboard_board_meta 0 to 5000 records
[INFO]-[2020/03/12 03:37:24] DB Search & Replace:  Table wpstg0_kboard_board_option 0 to 5000 records
[INFO]-[2020/03/12 03:37:24] DB Search & Replace:  Table wpstg0_kboard_board_option 0 to 5000 records
[INFO]-[2020/03/12 03:37:24] DB Search & Replace:  Table wpstg0_kboard_board_setting 0 to 5000 records
[INFO]-[2020/03/12 03:37:24] DB Search & Replace:  Table wpstg0_kboard_board_setting 0 to 5000 records
[INFO]-[2020/03/12 03:37:25] DB Search & Replace:  Table wpstg0_kboard_comments 0 to 5000 records
[INFO]-[2020/03/12 03:37:25] DB Search & Replace:  Table wpstg0_kboard_comments 0 to 5000 records
[INFO]-[2020/03/12 03:37:25] DB Search & Replace:  Table wpstg0_kboard_comments_option 0 to 5000 records
[INFO]-[2020/03/12 03:37:25] DB Search & Replace:  Table wpstg0_kboard_comments_option 0 to 5000 records
[INFO]-[2020/03/12 03:37:25] DB Search & Replace:  Table wpstg0_kboard_meida 0 to 5000 records
[INFO]-[2020/03/12 03:37:25] DB Search & Replace:  Table wpstg0_kboard_meida 0 to 5000 records
[INFO]-[2020/03/12 03:37:25] DB Search & Replace:  Table wpstg0_kboard_meida_relationships 0 to 5000 records
[INFO]-[2020/03/12 03:37:25] DB Search & Replace:  Table wpstg0_kboard_meida_relationships 0 to 5000 records
[]-[] 
[]-[] 
[]-[] 
[]-[] 
[INFO]-[2020/03/12 03:37:26] DB Search & Replace:  Table wpstg0_kboard_vote 0 to 5000 records
[INFO]-[2020/03/12 03:37:26] DB Search & Replace:  Table wpstg0_kboard_vote 0 to 5000 records
[]-[] 
[]-[] 
[INFO]-[2020/03/12 03:37:26] DB Search & Replace:  Table wpstg0_options 0 to 5000 records
[INFO]-[2020/03/12 03:37:26] DB Search & Replace:  Table wpstg0_options 0 to 5000 records
[INFO]-[2020/03/12 03:37:26] DB Search & Replace:  Table wpstg0_postmeta 0 to 5000 records
[INFO]-[2020/03/12 03:37:26] DB Search & Replace:  Table wpstg0_postmeta 0 to 5000 records
[INFO]-[2020/03/12 03:37:27] DB Search & Replace:  Table wpstg0_posts 0 to 5000 records
[INFO]-[2020/03/12 03:37:27] DB Search & Replace:  Table wpstg0_posts 0 to 5000 records
[INFO]-[2020/03/12 03:37:27] DB Search & Replace:  Table wpstg0_term_relationships 0 to 5000 records
[INFO]-[2020/03/12 03:37:27] DB Search & Replace:  Table wpstg0_term_relationships 0 to 5000 records
[INFO]-[2020/03/12 03:37:28] DB Search & Replace:  Table wpstg0_term_taxonomy 0 to 5000 records
[INFO]-[2020/03/12 03:37:28] DB Search & Replace:  Table wpstg0_term_taxonomy 0 to 5000 records
[INFO]-[2020/03/12 03:37:28] DB Search & Replace:  Table wpstg0_termmeta 0 to 5000 records
[INFO]-[2020/03/12 03:37:28] DB Search & Replace:  Table wpstg0_termmeta 0 to 5000 records
[INFO]-[2020/03/12 03:37:28] DB Search & Replace:  Table wpstg0_terms 0 to 5000 records
[INFO]-[2020/03/12 03:37:28] DB Search & Replace:  Table wpstg0_terms 0 to 5000 records
[INFO]-[2020/03/12 03:37:28] DB Search & Replace:  Table wpstg0_ualp_user_activity 0 to 5000 records
[INFO]-[2020/03/12 03:37:28] DB Search & Replace:  Table wpstg0_ualp_user_activity 0 to 5000 records
[INFO]-[2020/03/12 03:37:29] DB Search & Replace:  Table wpstg0_usermeta 0 to 5000 records
[INFO]-[2020/03/12 03:37:29] DB Search & Replace:  Table wpstg0_usermeta 0 to 5000 records
[INFO]-[2020/03/12 03:37:29] DB Search & Replace:  Table wpstg0_users 0 to 5000 records
[INFO]-[2020/03/12 03:37:29] DB Search & Replace:  Table wpstg0_users 0 to 5000 records
[]-[] 
[]-[] 
[]-[] 
[]-[] 
[]-[] 
[]-[] 
[]-[] 
[]-[] 
[]-[] 
[]-[] 
[]-[] 
[]-[] 
[]-[] 
[]-[] 
[]-[] 
[]-[] 
[]-[] 
[]-[] 
[]-[] 
[]-[] 
[INFO]-[2020/03/12 03:37:31] DB Search & Replace:  Table wpstg0_woocommerce_sessions 0 to 5000 records
[INFO]-[2020/03/12 03:37:31] DB Search & Replace:  Table wpstg0_woocommerce_sessions 0 to 5000 records
[]-[] 
[]-[] 
[]-[] 
[]-[] 
[]-[] 
[]-[] 
[]-[] 
[]-[] 
[]-[] 
[]-[] 
[]-[] 
[]-[] 
[INFO]-[2020/03/12 03:37:32] DB Search & Replace:  Table wpstg0_wpdatatables 0 to 5000 records
[INFO]-[2020/03/12 03:37:32] DB Search & Replace:  Table wpstg0_wpdatatables 0 to 5000 records
[INFO]-[2020/03/12 03:37:32] DB Search & Replace:  Table wpstg0_wpdatatables_columns 0 to 5000 records
[INFO]-[2020/03/12 03:37:32] DB Search & Replace:  Table wpstg0_wpdatatables_columns 0 to 5000 records
[INFO]-[2020/03/12 03:37:33] DB Search & Replace:  Table wpstg0_wpgmza 0 to 5000 records
[INFO]-[2020/03/12 03:37:33] DB Search & Replace:  Table wpstg0_wpgmza 0 to 5000 records
[]-[] 
[]-[] 
[]-[] 
[]-[] 
[]-[] 
[]-[] 
[INFO]-[2020/03/12 03:37:33] DB Search & Replace:  Table wpstg0_wpgmza_maps 0 to 5000 records
[INFO]-[2020/03/12 03:37:33] DB Search & Replace:  Table wpstg0_wpgmza_maps 0 to 5000 records
[]-[] 
[]-[] 
[]-[] 
[]-[] 
[]-[] 
[]-[] 
[INFO]-[2020/03/12 03:37:34] DB Search & Replace:  Table wpstg0_wpmembers_user_search_keys 0 to 5000 records
[INFO]-[2020/03/12 03:37:34] DB Search & Replace:  Table wpstg0_wpmembers_user_search_keys 0 to 5000 records
[INFO]-[2020/03/12 03:37:34] DB Search & Replace:  Table wpstg0_yoast_seo_links 0 to 5000 records
[INFO]-[2020/03/12 03:37:34] DB Search & Replace:  Table wpstg0_yoast_seo_links 0 to 5000 records
[INFO]-[2020/03/12 03:37:35] DB Search & Replace:  Table wpstg0_yoast_seo_meta 0 to 5000 records
[INFO]-[2020/03/12 03:37:35] DB Search & Replace:  Table wpstg0_yoast_seo_meta 0 to 5000 records
[]-[] 
[]-[] 
[INFO]-[2020/03/12 03:37:35] Scanning / for files
[INFO]-[2020/03/12 03:37:35] Scanning / for files
[INFO]-[2020/03/12 03:37:35] Scanning wp-content folder /uloca22/www/ulocawp/wp-content
[INFO]-[2020/03/12 03:37:35] Scanning wp-content folder /uloca22/www/ulocawp/wp-content
[INFO]-[2020/03/12 03:37:36] Scanning /wp-includes for its sub-directories and files
[INFO]-[2020/03/12 03:37:36] Scanning /wp-includes for its sub-directories and files
[INFO]-[2020/03/12 03:37:36] Scanning /wp-admin for its sub-directories and files
[INFO]-[2020/03/12 03:37:36] Scanning /wp-admin for its sub-directories and files
[INFO]-[2020/03/12 03:37:36] Copying files...
[INFO]-[2020/03/12 03:37:36] Total 50 files processed
[INFO]-[2020/03/12 03:37:36] Copying files...
[INFO]-[2020/03/12 03:37:36] Total 50 files processed
[INFO]-[2020/03/12 03:37:36] Total 100 files processed
[INFO]-[2020/03/12 03:37:36] Total 100 files processed
[INFO]-[2020/03/12 03:37:37] Trying to copy big file: /uloca22/www/ulocawp/wp-content/themes/one-edge/images/background-images/background.jpg -> /uloca22/www/ulocawp/uloca23-cafe24-com/wp-content/themes/one-edge/images/background-images/background.jpg
[INFO]-[2020/03/12 03:37:37] Total 150 files processed
[INFO]-[2020/03/12 03:37:37] Trying to copy big file: /uloca22/www/ulocawp/wp-content/themes/one-edge/images/background-images/background.jpg -> /uloca22/www/ulocawp/uloca23-cafe24-com/wp-content/themes/one-edge/images/background-images/background.jpg
[INFO]-[2020/03/12 03:37:37] Total 150 files processed
[INFO]-[2020/03/12 03:37:37] Total 200 files processed
[INFO]-[2020/03/12 03:37:37] Total 200 files processed
[INFO]-[2020/03/12 03:37:37] Total 250 files processed
[INFO]-[2020/03/12 03:37:37] Total 250 files processed
[INFO]-[2020/03/12 03:37:37] Total 300 files processed
[INFO]-[2020/03/12 03:37:37] Total 300 files processed
[INFO]-[2020/03/12 03:37:38] Total 350 files processed
[INFO]-[2020/03/12 03:37:38] Total 350 files processed
[INFO]-[2020/03/12 03:37:38] Trying to copy big file: /uloca22/www/ulocawp/wp-content/uploads/2020/02/만화홍보_세로.jpg -> /uloca22/www/ulocawp/uloca23-cafe24-com/wp-content/uploads/2020/02/만화홍보_세로.jpg
[INFO]-[2020/03/12 03:37:38] Total 400 files processed
[INFO]-[2020/03/12 03:37:38] Trying to copy big file: /uloca22/www/ulocawp/wp-content/uploads/2020/02/만화홍보_세로.jpg -> /uloca22/www/ulocawp/uloca23-cafe24-com/wp-content/uploads/2020/02/만화홍보_세로.jpg
[INFO]-[2020/03/12 03:37:38] Total 400 files processed
[INFO]-[2020/03/12 03:37:38] Trying to copy big file: /uloca22/www/ulocawp/wp-content/uploads/2020/02/만화홍보_세로.gif -> /uloca22/www/ulocawp/uloca23-cafe24-com/wp-content/uploads/2020/02/만화홍보_세로.gif
[INFO]-[2020/03/12 03:37:38] Total 450 files processed
[INFO]-[2020/03/12 03:37:38] Trying to copy big file: /uloca22/www/ulocawp/wp-content/uploads/2020/02/만화홍보_세로.gif -> /uloca22/www/ulocawp/uloca23-cafe24-com/wp-content/uploads/2020/02/만화홍보_세로.gif
[INFO]-[2020/03/12 03:37:38] Total 450 files processed
[INFO]-[2020/03/12 03:37:38] Trying to copy big file: /uloca22/www/ulocawp/wp-content/uploads/kboard_attached/2/202002/5e55d2df8af5f2633924.xls -> /uloca22/www/ulocawp/uloca23-cafe24-com/wp-content/uploads/kboard_attached/2/202002/5e55d2df8af5f2633924.xls
[INFO]-[2020/03/12 03:37:39] Total 500 files processed
[INFO]-[2020/03/12 03:37:38] Trying to copy big file: /uloca22/www/ulocawp/wp-content/uploads/kboard_attached/2/202002/5e55d2df8af5f2633924.xls -> /uloca22/www/ulocawp/uloca23-cafe24-com/wp-content/uploads/kboard_attached/2/202002/5e55d2df8af5f2633924.xls
[INFO]-[2020/03/12 03:37:39] Total 500 files processed
[INFO]-[2020/03/12 03:37:39] Total 550 files processed
[INFO]-[2020/03/12 03:37:39] Total 550 files processed
[INFO]-[2020/03/12 03:37:39] Total 600 files processed
[INFO]-[2020/03/12 03:37:39] Total 600 files processed
[INFO]-[2020/03/12 03:37:39] Total 650 files processed
[INFO]-[2020/03/12 03:37:39] Total 650 files processed
[INFO]-[2020/03/12 03:37:39] Total 700 files processed
[INFO]-[2020/03/12 03:37:39] Total 700 files processed
[INFO]-[2020/03/12 03:37:40] Total 750 files processed
[INFO]-[2020/03/12 03:37:40] Total 750 files processed
[INFO]-[2020/03/12 03:37:40] Total 800 files processed
[INFO]-[2020/03/12 03:37:40] Total 800 files processed
[INFO]-[2020/03/12 03:37:40] Total 850 files processed
[INFO]-[2020/03/12 03:37:40] Total 850 files processed
[INFO]-[2020/03/12 03:37:41] Total 900 files processed
[INFO]-[2020/03/12 03:37:41] Total 900 files processed
[INFO]-[2020/03/12 03:37:41] Total 950 files processed
[INFO]-[2020/03/12 03:37:41] Total 950 files processed
[INFO]-[2020/03/12 03:37:41] Total 1000 files processed
[INFO]-[2020/03/12 03:37:41] Total 1000 files processed
[INFO]-[2020/03/12 03:37:42] Total 1050 files processed
[INFO]-[2020/03/12 03:37:42] Total 1050 files processed
[INFO]-[2020/03/12 03:37:42] Total 1100 files processed
[INFO]-[2020/03/12 03:37:42] Total 1100 files processed
[INFO]-[2020/03/12 03:37:42] Total 1150 files processed
[INFO]-[2020/03/12 03:37:42] Total 1150 files processed
[INFO]-[2020/03/12 03:37:43] Total 1200 files processed
[INFO]-[2020/03/12 03:37:43] Total 1200 files processed
[INFO]-[2020/03/12 03:37:43] Total 1250 files processed
[INFO]-[2020/03/12 03:37:43] Total 1250 files processed
[INFO]-[2020/03/12 03:37:43] Total 1300 files processed
[INFO]-[2020/03/12 03:37:43] Total 1300 files processed
[INFO]-[2020/03/12 03:37:43] Total 1350 files processed
[INFO]-[2020/03/12 03:37:43] Total 1350 files processed
[INFO]-[2020/03/12 03:37:44] Trying to copy big file: /uloca22/www/ulocawp/wp-content/uploads/GeoLite2-Country.mmdb -> /uloca22/www/ulocawp/uloca23-cafe24-com/wp-content/uploads/GeoLite2-Country.mmdb
[INFO]-[2020/03/12 03:37:44] Total 1400 files processed
[INFO]-[2020/03/12 03:37:44] Trying to copy big file: /uloca22/www/ulocawp/wp-content/uploads/GeoLite2-Country.mmdb -> /uloca22/www/ulocawp/uloca23-cafe24-com/wp-content/uploads/GeoLite2-Country.mmdb
[INFO]-[2020/03/12 03:37:44] Total 1400 files processed
[INFO]-[2020/03/12 03:37:44] Total 1450 files processed
[INFO]-[2020/03/12 03:37:44] Total 1450 files processed
[INFO]-[2020/03/12 03:37:44] Total 1500 files processed
[INFO]-[2020/03/12 03:37:44] Total 1500 files processed
[INFO]-[2020/03/12 03:37:44] Total 1550 files processed
[INFO]-[2020/03/12 03:37:44] Total 1550 files processed
[INFO]-[2020/03/12 03:37:45] Total 1600 files processed
[INFO]-[2020/03/12 03:37:45] Total 1600 files processed
[INFO]-[2020/03/12 03:37:45] Total 1650 files processed
[INFO]-[2020/03/12 03:37:45] Total 1650 files processed
[INFO]-[2020/03/12 03:37:45] Total 1700 files processed
[INFO]-[2020/03/12 03:37:45] Total 1700 files processed
[INFO]-[2020/03/12 03:37:45] Total 1750 files processed
[INFO]-[2020/03/12 03:37:45] Total 1750 files processed
[INFO]-[2020/03/12 03:37:46] Total 1800 files processed
[INFO]-[2020/03/12 03:37:46] Total 1800 files processed
[INFO]-[2020/03/12 03:37:46] Total 1850 files processed
[INFO]-[2020/03/12 03:37:46] Total 1850 files processed
[INFO]-[2020/03/12 03:37:46] Total 1900 files processed
[INFO]-[2020/03/12 03:37:46] Total 1900 files processed
[INFO]-[2020/03/12 03:37:46] Total 1950 files processed
[INFO]-[2020/03/12 03:37:46] Total 1950 files processed
[INFO]-[2020/03/12 03:37:47] Total 2000 files processed
[INFO]-[2020/03/12 03:37:47] Total 2000 files processed
[INFO]-[2020/03/12 03:37:47] Total 2050 files processed
[INFO]-[2020/03/12 03:37:47] Total 2050 files processed
[INFO]-[2020/03/12 03:37:47] Total 2100 files processed
[INFO]-[2020/03/12 03:37:47] Total 2100 files processed
[INFO]-[2020/03/12 03:37:47] Total 2150 files processed
[INFO]-[2020/03/12 03:37:47] Total 2150 files processed
[INFO]-[2020/03/12 03:37:48] Total 2200 files processed
[INFO]-[2020/03/12 03:37:48] Total 2200 files processed
[INFO]-[2020/03/12 03:37:48] Total 2250 files processed
[INFO]-[2020/03/12 03:37:48] Total 2250 files processed
[INFO]-[2020/03/12 03:37:48] Total 2300 files processed
[INFO]-[2020/03/12 03:37:48] Total 2300 files processed
[INFO]-[2020/03/12 03:37:48] Total 2350 files processed
[INFO]-[2020/03/12 03:37:48] Total 2350 files processed
[INFO]-[2020/03/12 03:37:48] Total 2400 files processed
[INFO]-[2020/03/12 03:37:48] Total 2400 files processed
[INFO]-[2020/03/12 03:37:49] Total 2450 files processed
[INFO]-[2020/03/12 03:37:49] Total 2450 files processed
[INFO]-[2020/03/12 03:37:49] Total 2500 files processed
[INFO]-[2020/03/12 03:37:49] Total 2500 files processed
[INFO]-[2020/03/12 03:37:49] Total 2550 files processed
[INFO]-[2020/03/12 03:37:49] Total 2550 files processed
[INFO]-[2020/03/12 03:37:49] Total 2600 files processed
[INFO]-[2020/03/12 03:37:49] Total 2600 files processed
[INFO]-[2020/03/12 03:37:49] Total 2650 files processed
[INFO]-[2020/03/12 03:37:49] Total 2650 files processed
[INFO]-[2020/03/12 03:37:50] Total 2700 files processed
[INFO]-[2020/03/12 03:37:50] Total 2700 files processed
[INFO]-[2020/03/12 03:37:50] Total 2750 files processed
[INFO]-[2020/03/12 03:37:50] Total 2750 files processed
[INFO]-[2020/03/12 03:37:50] Total 2800 files processed
[INFO]-[2020/03/12 03:37:50] Total 2800 files processed
[INFO]-[2020/03/12 03:37:50] Total 2850 files processed
[INFO]-[2020/03/12 03:37:50] Total 2850 files processed
[INFO]-[2020/03/12 03:37:51] Total 2900 files processed
[INFO]-[2020/03/12 03:37:51] Total 2900 files processed
[INFO]-[2020/03/12 03:37:51] Total 2950 files processed
[INFO]-[2020/03/12 03:37:51] Total 2950 files processed
[INFO]-[2020/03/12 03:37:51] Total 3000 files processed
[INFO]-[2020/03/12 03:37:51] Total 3000 files processed
[INFO]-[2020/03/12 03:37:51] Total 3050 files processed
[INFO]-[2020/03/12 03:37:51] Total 3050 files processed
[INFO]-[2020/03/12 03:37:51] Total 3100 files processed
[INFO]-[2020/03/12 03:37:51] Total 3100 files processed
[INFO]-[2020/03/12 03:37:52] Total 3150 files processed
[INFO]-[2020/03/12 03:37:52] Total 3150 files processed
[INFO]-[2020/03/12 03:37:52] Total 3200 files processed
[INFO]-[2020/03/12 03:37:52] Total 3200 files processed
[INFO]-[2020/03/12 03:37:52] Total 3250 files processed
[INFO]-[2020/03/12 03:37:52] Total 3250 files processed
[INFO]-[2020/03/12 03:37:52] Total 3300 files processed
[INFO]-[2020/03/12 03:37:52] Total 3300 files processed
[INFO]-[2020/03/12 03:37:52] Total 3350 files processed
[INFO]-[2020/03/12 03:37:52] Total 3350 files processed
[INFO]-[2020/03/12 03:37:53] Total 3400 files processed
[INFO]-[2020/03/12 03:37:53] Total 3400 files processed
[INFO]-[2020/03/12 03:37:53] Total 3450 files processed
[INFO]-[2020/03/12 03:37:53] Total 3450 files processed
[INFO]-[2020/03/12 03:37:53] Total 3500 files processed
[INFO]-[2020/03/12 03:37:53] Total 3500 files processed
[INFO]-[2020/03/12 03:37:53] Total 3550 files processed
[INFO]-[2020/03/12 03:37:53] Total 3550 files processed
[INFO]-[2020/03/12 03:37:54] Total 3600 files processed
[INFO]-[2020/03/12 03:37:54] Total 3600 files processed
[INFO]-[2020/03/12 03:37:54] Total 3650 files processed
[INFO]-[2020/03/12 03:37:54] Total 3650 files processed
[INFO]-[2020/03/12 03:37:54] Total 3700 files processed
[INFO]-[2020/03/12 03:37:54] Total 3700 files processed
[INFO]-[2020/03/12 03:37:54] Total 3750 files processed
[INFO]-[2020/03/12 03:37:54] Total 3750 files processed
[INFO]-[2020/03/12 03:37:54] Total 3800 files processed
[INFO]-[2020/03/12 03:37:54] Total 3800 files processed
[INFO]-[2020/03/12 03:37:55] Total 3850 files processed
[INFO]-[2020/03/12 03:37:55] Total 3850 files processed
[INFO]-[2020/03/12 03:37:55] Total 3900 files processed
[INFO]-[2020/03/12 03:37:55] Total 3900 files processed
[INFO]-[2020/03/12 03:37:55] Total 3950 files processed
[INFO]-[2020/03/12 03:37:55] Total 3950 files processed
[INFO]-[2020/03/12 03:37:55] Total 4000 files processed
[INFO]-[2020/03/12 03:37:55] Total 4000 files processed
[INFO]-[2020/03/12 03:37:56] Total 4050 files processed
[INFO]-[2020/03/12 03:37:56] Total 4050 files processed
[INFO]-[2020/03/12 03:37:56] Total 4100 files processed
[INFO]-[2020/03/12 03:37:56] Total 4100 files processed
[INFO]-[2020/03/12 03:37:56] Total 4150 files processed
[INFO]-[2020/03/12 03:37:56] Total 4150 files processed
[INFO]-[2020/03/12 03:37:56] Total 4200 files processed
[INFO]-[2020/03/12 03:37:56] Total 4200 files processed
[INFO]-[2020/03/12 03:37:56] Total 4250 files processed
[INFO]-[2020/03/12 03:37:56] Total 4250 files processed
[INFO]-[2020/03/12 03:37:57] Total 4300 files processed
[INFO]-[2020/03/12 03:37:57] Total 4300 files processed
[INFO]-[2020/03/12 03:37:57] Total 4350 files processed
[INFO]-[2020/03/12 03:37:57] Total 4350 files processed
[INFO]-[2020/03/12 03:37:57] Total 4400 files processed
[INFO]-[2020/03/12 03:37:57] Total 4400 files processed
[INFO]-[2020/03/12 03:37:57] Total 4450 files processed
[INFO]-[2020/03/12 03:37:57] Total 4450 files processed
[INFO]-[2020/03/12 03:37:57] Total 4500 files processed
[INFO]-[2020/03/12 03:37:57] Total 4500 files processed
[INFO]-[2020/03/12 03:37:58] Total 4550 files processed
[INFO]-[2020/03/12 03:37:58] Total 4550 files processed
[INFO]-[2020/03/12 03:37:58] Total 4600 files processed
[INFO]-[2020/03/12 03:37:58] Total 4600 files processed
[INFO]-[2020/03/12 03:37:58] Total 4650 files processed
[INFO]-[2020/03/12 03:37:58] Total 4650 files processed
[INFO]-[2020/03/12 03:37:58] Total 4700 files processed
[INFO]-[2020/03/12 03:37:58] Total 4700 files processed
[INFO]-[2020/03/12 03:37:58] Total 4750 files processed
[INFO]-[2020/03/12 03:37:58] Total 4750 files processed
[INFO]-[2020/03/12 03:37:59] Total 4800 files processed
[INFO]-[2020/03/12 03:37:59] Total 4800 files processed
[INFO]-[2020/03/12 03:37:59] Total 4850 files processed
[INFO]-[2020/03/12 03:37:59] Total 4850 files processed
[INFO]-[2020/03/12 03:37:59] Total 4900 files processed
[INFO]-[2020/03/12 03:37:59] Total 4900 files processed
[INFO]-[2020/03/12 03:37:59] Total 4950 files processed
[INFO]-[2020/03/12 03:37:59] Total 4950 files processed
[INFO]-[2020/03/12 03:38:00] Total 5000 files processed
[INFO]-[2020/03/12 03:38:00] Total 5000 files processed
[INFO]-[2020/03/12 03:38:00] Total 5050 files processed
[INFO]-[2020/03/12 03:38:00] Total 5050 files processed
[INFO]-[2020/03/12 03:38:00] Total 5100 files processed
[INFO]-[2020/03/12 03:38:00] Total 5100 files processed
[INFO]-[2020/03/12 03:38:00] Total 5150 files processed
[INFO]-[2020/03/12 03:38:00] Total 5150 files processed
[INFO]-[2020/03/12 03:38:00] Total 5200 files processed
[INFO]-[2020/03/12 03:38:00] Total 5200 files processed
[INFO]-[2020/03/12 03:38:01] Total 5250 files processed
[INFO]-[2020/03/12 03:38:01] Total 5250 files processed
[INFO]-[2020/03/12 03:38:01] Total 5300 files processed
[INFO]-[2020/03/12 03:38:01] Total 5300 files processed
[INFO]-[2020/03/12 03:38:01] Total 5350 files processed
[INFO]-[2020/03/12 03:38:01] Total 5350 files processed
[INFO]-[2020/03/12 03:38:01] Total 5400 files processed
[INFO]-[2020/03/12 03:38:01] Total 5400 files processed
[INFO]-[2020/03/12 03:38:02] Total 5450 files processed
[INFO]-[2020/03/12 03:38:02] Total 5450 files processed
[INFO]-[2020/03/12 03:38:02] Total 5500 files processed
[INFO]-[2020/03/12 03:38:02] Total 5500 files processed
[INFO]-[2020/03/12 03:38:02] Total 5550 files processed
[INFO]-[2020/03/12 03:38:02] Total 5550 files processed
[INFO]-[2020/03/12 03:38:03] Trying to copy big file: /uloca22/www/ulocawp/wp-content/plugins/wordpress-seo/js/dist/analysis-1013.min.js -> /uloca22/www/ulocawp/uloca23-cafe24-com/wp-content/plugins/wordpress-seo/js/dist/analysis-1013.min.js
[INFO]-[2020/03/12 03:38:03] Trying to copy big file: /uloca22/www/ulocawp/wp-content/plugins/wordpress-seo/js/dist/wp-seo-analysis-worker-1013.min.js -> /uloca22/www/ulocawp/uloca23-cafe24-com/wp-content/plugins/wordpress-seo/js/dist/wp-seo-analysis-worker-1013.min.js
[INFO]-[2020/03/12 03:38:03] Total 5600 files processed
[INFO]-[2020/03/12 03:38:03] Trying to copy big file: /uloca22/www/ulocawp/wp-content/plugins/wordpress-seo/js/dist/analysis-1013.min.js -> /uloca22/www/ulocawp/uloca23-cafe24-com/wp-content/plugins/wordpress-seo/js/dist/analysis-1013.min.js
[INFO]-[2020/03/12 03:38:03] Trying to copy big file: /uloca22/www/ulocawp/wp-content/plugins/wordpress-seo/js/dist/wp-seo-analysis-worker-1013.min.js -> /uloca22/www/ulocawp/uloca23-cafe24-com/wp-content/plugins/wordpress-seo/js/dist/wp-seo-analysis-worker-1013.min.js
[INFO]-[2020/03/12 03:38:03] Total 5600 files processed
[INFO]-[2020/03/12 03:38:03] Total 5650 files processed
[INFO]-[2020/03/12 03:38:03] Total 5650 files processed
[INFO]-[2020/03/12 03:38:03] Total 5700 files processed
[INFO]-[2020/03/12 03:38:03] Total 5700 files processed
[INFO]-[2020/03/12 03:38:03] Total 5750 files processed
[INFO]-[2020/03/12 03:38:03] Total 5750 files processed
[INFO]-[2020/03/12 03:38:03] Total 5800 files processed
[INFO]-[2020/03/12 03:38:03] Total 5800 files processed
[INFO]-[2020/03/12 03:38:04] Total 5850 files processed
[INFO]-[2020/03/12 03:38:04] Total 5850 files processed
[INFO]-[2020/03/12 03:38:04] Total 5900 files processed
[INFO]-[2020/03/12 03:38:04] Total 5900 files processed
[INFO]-[2020/03/12 03:38:04] Total 5950 files processed
[INFO]-[2020/03/12 03:38:04] Total 5950 files processed
[INFO]-[2020/03/12 03:38:04] Total 6000 files processed
[INFO]-[2020/03/12 03:38:04] Total 6000 files processed
[INFO]-[2020/03/12 03:38:05] Total 6050 files processed
[INFO]-[2020/03/12 03:38:05] Total 6050 files processed
[INFO]-[2020/03/12 03:38:05] Total 6100 files processed
[INFO]-[2020/03/12 03:38:05] Total 6100 files processed
[INFO]-[2020/03/12 03:38:05] Total 6150 files processed
[INFO]-[2020/03/12 03:38:05] Total 6150 files processed
[INFO]-[2020/03/12 03:38:05] Total 6200 files processed
[INFO]-[2020/03/12 03:38:05] Total 6200 files processed
[INFO]-[2020/03/12 03:38:05] Total 6250 files processed
[INFO]-[2020/03/12 03:38:05] Total 6250 files processed
[INFO]-[2020/03/12 03:38:06] Total 6300 files processed
[INFO]-[2020/03/12 03:38:06] Total 6300 files processed
[INFO]-[2020/03/12 03:38:06] Total 6350 files processed
[INFO]-[2020/03/12 03:38:06] Total 6350 files processed
[INFO]-[2020/03/12 03:38:06] Total 6400 files processed
[INFO]-[2020/03/12 03:38:06] Total 6400 files processed
[INFO]-[2020/03/12 03:38:06] Total 6450 files processed
[INFO]-[2020/03/12 03:38:06] Total 6450 files processed
[INFO]-[2020/03/12 03:38:06] Total 6500 files processed
[INFO]-[2020/03/12 03:38:06] Total 6500 files processed
[INFO]-[2020/03/12 03:38:07] Total 6550 files processed
[INFO]-[2020/03/12 03:38:07] Total 6550 files processed
[INFO]-[2020/03/12 03:38:07] Total 6600 files processed
[INFO]-[2020/03/12 03:38:07] Total 6600 files processed
[INFO]-[2020/03/12 03:38:07] Total 6650 files processed
[INFO]-[2020/03/12 03:38:07] Total 6650 files processed
[INFO]-[2020/03/12 03:38:07] Total 6700 files processed
[INFO]-[2020/03/12 03:38:07] Total 6700 files processed
[INFO]-[2020/03/12 03:38:08] Total 6750 files processed
[INFO]-[2020/03/12 03:38:08] Total 6750 files processed
[INFO]-[2020/03/12 03:38:08] Total 6800 files processed
[INFO]-[2020/03/12 03:38:08] Total 6800 files processed
[INFO]-[2020/03/12 03:38:08] Total 6850 files processed
[INFO]-[2020/03/12 03:38:08] Total 6850 files processed
[INFO]-[2020/03/12 03:38:08] Total 6900 files processed
[INFO]-[2020/03/12 03:38:08] Total 6900 files processed
[INFO]-[2020/03/12 03:38:08] Total 6950 files processed
[INFO]-[2020/03/12 03:38:08] Total 6950 files processed
[INFO]-[2020/03/12 03:38:09] Total 7000 files processed
[INFO]-[2020/03/12 03:38:09] Total 7000 files processed
[INFO]-[2020/03/12 03:38:09] Total 7050 files processed
[INFO]-[2020/03/12 03:38:09] Total 7050 files processed
[INFO]-[2020/03/12 03:38:09] Total 7100 files processed
[INFO]-[2020/03/12 03:38:09] Total 7100 files processed
[INFO]-[2020/03/12 03:38:09] Total 7150 files processed
[INFO]-[2020/03/12 03:38:09] Total 7150 files processed
[INFO]-[2020/03/12 03:38:10] Total 7200 files processed
[INFO]-[2020/03/12 03:38:10] Total 7200 files processed
[INFO]-[2020/03/12 03:38:10] Total 7250 files processed
[INFO]-[2020/03/12 03:38:10] Total 7250 files processed
[INFO]-[2020/03/12 03:38:10] Total 7300 files processed
[INFO]-[2020/03/12 03:38:10] Total 7300 files processed
[INFO]-[2020/03/12 03:38:10] Total 7350 files processed
[INFO]-[2020/03/12 03:38:10] Total 7350 files processed
[INFO]-[2020/03/12 03:38:10] Total 7400 files processed
[INFO]-[2020/03/12 03:38:10] Total 7400 files processed
[INFO]-[2020/03/12 03:38:11] Total 7450 files processed
[INFO]-[2020/03/12 03:38:11] Total 7450 files processed
[INFO]-[2020/03/12 03:38:11] Total 7500 files processed
[INFO]-[2020/03/12 03:38:11] Total 7500 files processed
[INFO]-[2020/03/12 03:38:11] Total 7550 files processed
[INFO]-[2020/03/12 03:38:11] Total 7550 files processed
[WARNING]-[2020/03/12 03:38:11] File doesn't exist /uloca22/www/ulocawp/
[WARNING]-[2020/03/12 03:38:11] File doesn't exist /uloca22/www/ulocawp/
[INFO]-[2020/03/12 03:38:11] Copying files finished
[INFO]-[2020/03/12 03:38:11] Copying files finished
[INFO]-[2020/03/12 03:38:12] Preparing Data Step0: Copy wp-config.php file
[INFO]-[2020/03/12 03:38:12] Preparing Data Step0: Copy wp-config.php file
[INFO]-[2020/03/12 03:38:12] Preparing Data Step1: Updating siteurl and homeurl in wpstg0_options 
[INFO]-[2020/03/12 03:38:12] Preparing Data Step1: Updating siteurl and homeurl to https://uloca.net/ulocawp/uloca23-cafe24-com
[INFO]-[2020/03/12 03:38:12] Preparing Data Step1: Updating siteurl and homeurl in wpstg0_options 
[INFO]-[2020/03/12 03:38:12] Preparing Data Step1: Updating siteurl and homeurl to https://uloca.net/ulocawp/uloca23-cafe24-com
[INFO]-[2020/03/12 03:38:12] Preparing Data Step2: Updating row wpstg_is_staging_site in wpstg0_options 
[INFO]-[2020/03/12 03:38:12] Preparing Data Step2: Successful
[INFO]-[2020/03/12 03:38:12] Preparing Data Step2: Updating row wpstg_is_staging_site in wpstg0_options 
[INFO]-[2020/03/12 03:38:12] Preparing Data Step2: Successful
[INFO]-[2020/03/12 03:38:12] Preparing Data Step3: Updating rewrite_rules in wpstg0_options 
[INFO]-[2020/03/12 03:38:12] Preparing Data Step3: Updating rewrite_rules in wpstg0_options 
[INFO]-[2020/03/12 03:38:12] Preparing Data Step4: Updating db prefix in wpstg0_usermeta. 
[INFO]-[2020/03/12 03:38:12] Preparing Data Step4: Updating db prefix in wpstg0_usermeta. 
[INFO]-[2020/03/12 03:38:13] Preparing Data Step5: Updating table_prefix in /uloca22/www/ulocawp/uloca23-cafe24-com/wp-config.php to wpstg0_
[INFO]-[2020/03/12 03:38:13] Preparing Data Step5: Updating table_prefix in /uloca22/www/ulocawp/uloca23-cafe24-com/wp-config.php to wpstg0_
[]-[] 
[]-[] 
[INFO]-[2020/03/12 03:38:13] Preparing Data Step7: Updating wpstg_rmpermalinks_executed in wpstg0_options 
[INFO]-[2020/03/12 03:38:13] Preparing Data Step7: Finished successfully
[INFO]-[2020/03/12 03:38:13] Preparing Data Step7: Updating wpstg_rmpermalinks_executed in wpstg0_options 
[INFO]-[2020/03/12 03:38:13] Preparing Data Step7: Finished successfully
[INFO]-[2020/03/12 03:38:13] Preparing Data Step8: Updating permalink_structure in wpstg0_options 
[INFO]-[2020/03/12 03:38:13] Preparing Data Step8: Finished successfully
[INFO]-[2020/03/12 03:38:13] Preparing Data Step8: Updating permalink_structure in wpstg0_options 
[INFO]-[2020/03/12 03:38:13] Preparing Data Step8: Finished successfully
[INFO]-[2020/03/12 03:38:13] Preparing Data Step9: Set staging site to noindex
[INFO]-[2020/03/12 03:38:13] Preparing Data Step9: Finished successfully
[INFO]-[2020/03/12 03:38:13] Preparing Data Step9: Set staging site to noindex
[INFO]-[2020/03/12 03:38:13] Preparing Data Step9: Finished successfully
[INFO]-[2020/03/12 03:38:14] Preparing Data Step10: Updating WP_HOME in wp-config.php to https://uloca.net/ulocawp/uloca23-cafe24-com
[INFO]-[2020/03/12 03:38:14] Preparing Data Step10: WP_HOME not defined in wp-config.php. Skipping this step.
[INFO]-[2020/03/12 03:38:14] Preparing Data Step10: Finished successfully
[INFO]-[2020/03/12 03:38:14] Preparing Data Step10: Updating WP_HOME in wp-config.php to https://uloca.net/ulocawp/uloca23-cafe24-com
[INFO]-[2020/03/12 03:38:14] Preparing Data Step10: WP_HOME not defined in wp-config.php. Skipping this step.
[INFO]-[2020/03/12 03:38:14] Preparing Data Step10: Finished successfully
[INFO]-[2020/03/12 03:38:14] Preparing Data Step11: Updating WP_SITEURL in wp-config.php to https://uloca.net/ulocawp/uloca23-cafe24-com
[INFO]-[2020/03/12 03:38:14] Preparing Data Step11: WP_SITEURL not defined in wp-config.php. Skipping this step.
[INFO]-[2020/03/12 03:38:14] Preparing Data Step11: Finished successfully
[INFO]-[2020/03/12 03:38:14] Preparing Data Step11: Updating WP_SITEURL in wp-config.php to https://uloca.net/ulocawp/uloca23-cafe24-com
[INFO]-[2020/03/12 03:38:14] Preparing Data Step11: WP_SITEURL not defined in wp-config.php. Skipping this step.
[INFO]-[2020/03/12 03:38:14] Preparing Data Step11: Finished successfully
[INFO]-[2020/03/12 03:38:14] Preparing Data Step12: Updating db prefix in wpstg0_options.
[INFO]-[2020/03/12 03:38:14] Preparing Data Step12: Skip (custom filtered):   AND option_name <> 'wp_mail_smtp' AND option_name <> 'wp_mail_smtp_version' AND option_name <> 'wp_mail_smtp_debug'
[INFO]-[2020/03/12 03:38:14] Preparing Data Step12: Finished successfully
[INFO]-[2020/03/12 03:38:14] Preparing Data Step12: Updating db prefix in wpstg0_options.
[INFO]-[2020/03/12 03:38:14] Preparing Data Step12: Skip (custom filtered):   AND option_name <> 'wp_mail_smtp' AND option_name <> 'wp_mail_smtp_version' AND option_name <> 'wp_mail_smtp_debug'
[INFO]-[2020/03/12 03:38:14] Preparing Data Step12: Finished successfully
[INFO]-[2020/03/12 03:38:14] Preparing Data Step13: Updating upload_path wpstg0_options.
[INFO]-[2020/03/12 03:38:14] Preparing Data Step13: Skipped
[INFO]-[2020/03/12 03:38:14] Preparing Data Step13: Updating upload_path wpstg0_options.
[INFO]-[2020/03/12 03:38:14] Preparing Data Step13: Skipped
[INFO]-[2020/03/12 03:38:14] Preparing Data Step14: Set WP_CACHE in wp-config.php to false
[INFO]-[2020/03/12 03:38:14] Preparing Data Step14: WP_CACHE not defined in wp-config.php. Skipping this step.
[INFO]-[2020/03/12 03:38:14] Preparing Data Step14: Finished successfully
[INFO]-[2020/03/12 03:38:14] Preparing Data Step14: Set WP_CACHE in wp-config.php to false
[INFO]-[2020/03/12 03:38:14] Preparing Data Step14: WP_CACHE not defined in wp-config.php. Skipping this step.
[INFO]-[2020/03/12 03:38:14] Preparing Data Step14: Finished successfully
[INFO]-[2020/03/12 03:38:15] Preparing Data Step15: Set WP_CONTENT_DIR in wp-config.php to false
[INFO]-[2020/03/12 03:38:15] Preparing Data Step15: WP_CONTENT_DIR not defined in wp-config.php. Skipping this step.
[INFO]-[2020/03/12 03:38:15] Preparing Data Step15: Finished successfully
[INFO]-[2020/03/12 03:38:15] Preparing Data Step15: Set WP_CONTENT_DIR in wp-config.php to false
[INFO]-[2020/03/12 03:38:15] Preparing Data Step15: WP_CONTENT_DIR not defined in wp-config.php. Skipping this step.
[INFO]-[2020/03/12 03:38:15] Preparing Data Step15: Finished successfully
[INFO]-[2020/03/12 03:38:15] Preparing Data Step16: Set WP_CONTENT_URL in wp-config.php to false
[INFO]-[2020/03/12 03:38:15] Preparing Data Step16: WP_CONTENT_URL not defined in wp-config.php. Skipping this step.
[INFO]-[2020/03/12 03:38:15] Preparing Data Step16: Finished successfully
[INFO]-[2020/03/12 03:38:15] Preparing Data Step16: Set WP_CONTENT_URL in wp-config.php to false
[INFO]-[2020/03/12 03:38:15] Preparing Data Step16: WP_CONTENT_URL not defined in wp-config.php. Skipping this step.
[INFO]-[2020/03/12 03:38:15] Preparing Data Step16: Finished successfully
[INFO]-[2020/03/12 03:38:15] Preparing Data Step17: Update UPLOADS constant in wp-config.php
[INFO]-[2020/03/12 03:38:15] Preparing Data Step17: UPLOADS not defined in wp-config.php. Creating new entry.
[INFO]-[2020/03/12 03:38:15] Preparing Data Step17: Finished successfully
[INFO]-[2020/03/12 03:38:15] Preparing Data Step17: Update UPLOADS constant in wp-config.php
[INFO]-[2020/03/12 03:38:15] Preparing Data Step17: UPLOADS not defined in wp-config.php. Creating new entry.
[INFO]-[2020/03/12 03:38:15] Preparing Data Step17: Finished successfully
[]-[] 
[]-[] 
[]-[] 
[]-[] 
[]-[] 
[]-[] 
[INFO]-[2020/03/12 03:38:16] Finish: Deleting clone job's cache files...
[INFO]-[2020/03/12 03:38:16] Finish: Clone job's cache files have been deleted!
[INFO]-[2020/03/12 03:38:16] Finish: Verifying existing clones...
[INFO]-[2020/03/12 03:38:16] Finish: The job finished!
[INFO]-[2020/03/12 03:38:16] Finish: Deleting clone job's cache files...
[INFO]-[2020/03/12 03:38:16] Finish: Clone job's cache files have been deleted!
[INFO]-[2020/03/12 03:38:16] Finish: Verifying existing clones...
[INFO]-[2020/03/12 03:38:16] Finish: The job finished!
